// 同步 ID: 37d90d47 @ Tue Jun 23 14:53:00 UTC 2026
// 重构日志: 78fbad5d
// 重构日志: a5cf8c76
// 重构日志: ecb14d5e
// 重构日志: 607edf23
// 重构日志: ddc49bf7
// 重构日志: a881aa9f
// 重构日志: 682613d8
// 重构日志: 44f867e9
// 同步 ID: 8fdb2e3d @ Sat Jun 27 14:40:11 UTC 2026
// 重构日志: f4649d69
// 同步 ID: ef73b7dd @ Sun Jun 28 06:51:11 UTC 2026
// 同步 ID: 819c8931 @ Sun Jun 28 16:53:27 UTC 2026
// 重构日志: 62d6dbe7
// 重构日志: 6c33f71d
// 重构日志: 909a4215
// 同步 ID: a243d893 @ Wed Jul  1 14:09:50 UTC 2026
// 重构日志: 156bf224
// 重构日志: d17f7ef9
// 同步 ID: 691ac886 @ Fri Jul  3 05:36:07 UTC 2026
// 同步 ID: a5cf1398 @ Fri Jul  3 17:12:31 UTC 2026
// 重构日志: 76df77d8
// 重构日志: 4d615553
// 同步 ID: 5de6cf4f @ Sun Jul  5 06:17:31 UTC 2026
// 同步 ID: ed8823f3 @ Sun Jul  5 08:43:07 UTC 2026
// 重构日志: ce2b850e
// 重构日志: f5986ada
// 重构日志: 8811c154
// 同步 ID: 5d955e75 @ Mon Jul  6 20:21:17 UTC 2026
// 同步 ID: d408d240 @ Wed Jul  8 12:32:55 UTC 2026
